# JRE version: Java(TM) SE Runtime Environment (8.0_65-b17) (build 1.8.0_65-b17)
# Java VM: Java HotSpot(TM) 64-Bit Server VM (25.65-b01 mixed mode linux-amd64 compressed oops)
Heap:
 PSYoungGen      total 779776K, used 236020K [0x000000076ab00000, 0x00000007ac380000, 0x00000007c0000000)
  eden space 543744K, 0% used [0x000000076ab00000,0x000000076ab00000,0x000000078be00000)
  from space 236032K, 99% used [0x000000078be00000,0x000000079a47d270,0x000000079a480000)
  to   space 180224K, 0% used [0x000000079a480000,0x000000079a480000,0x00000007a5480000)
 ParOldGen       total 439296K, used 414407K [0x00000006c0000000, 0x00000006dad00000, 0x000000076ab00000)
  object space 439296K, 94% used [0x00000006c0000000,0x00000006d94b1f10,0x00000006dad00000)
 Metaspace       used 6446K, capacity 7280K, committed 7552K, reserved 1056768K
  class space    used 603K, capacity 616K, committed 640K, reserved 1048576K
GC Heap History (10 events):
Event: 10,048 GC heap after
Heap after GC invocations=13 (full 2):
 PSYoungGen      total 543232K, used 100637K [0x000000076ab00000, 0x000000079a480000, 0x00000007c0000000)
  eden space 440320K, 0% used [0x000000076ab00000,0x000000076ab00000,0x0000000785900000)
  from space 102912K, 97% used [0x0000000785900000,0x000000078bb47438,0x000000078bd80000)
  to   space 119808K, 0% used [0x0000000792f80000,0x0000000792f80000,0x000000079a480000)
 ParOldGen       total 278016K, used 185941K [0x00000006c0000000, 0x00000006d0f80000, 0x000000076ab00000)
  object space 278016K, 66% used [0x00000006c0000000,0x00000006cb5957b0,0x00000006d0f80000)
 Metaspace       used 6427K, capacity 7280K, committed 7552K, reserved 1056768K
  class space    used 602K, capacity 616K, committed 640K, reserved 1048576K
}
Event: 11,398 GC heap before
{Heap before GC invocations=14 (full 2):
 PSYoungGen      total 543232K, used 540957K [0x000000076ab00000, 0x000000079a480000, 0x00000007c0000000)
  eden space 440320K, 100% used [0x000000076ab00000,0x0000000785900000,0x0000000785900000)
  from space 102912K, 97% used [0x0000000785900000,0x000000078bb47438,0x000000078bd80000)
  to   space 119808K, 0% used [0x0000000792f80000,0x0000000792f80000,0x000000079a480000)
 ParOldGen       total 278016K, used 185941K [0x00000006c0000000, 0x00000006d0f80000, 0x000000076ab00000)
  object space 278016K, 66% used [0x00000006c0000000,0x00000006cb5957b0,0x00000006d0f80000)
 Metaspace       used 6432K, capacity 7280K, committed 7552K, reserved 1056768K
  class space    used 602K, capacity 616K, committed 640K, reserved 1048576K
Event: 11,642 GC heap after
Heap after GC invocations=14 (full 2):
 PSYoungGen      total 622592K, used 119795K [0x000000076ab00000, 0x000000079f600000, 0x00000007c0000000)
  eden space 502784K, 0% used [0x000000076ab00000,0x000000076ab00000,0x0000000789600000)
  from space 119808K, 99% used [0x0000000792f80000,0x000000079a47cdd8,0x000000079a480000)
  to   space 157184K, 0% used [0x0000000789600000,0x0000000789600000,0x0000000792f80000)
 ParOldGen       total 278016K, used 230646K [0x00000006c0000000, 0x00000006d0f80000, 0x000000076ab00000)
  object space 278016K, 82% used [0x00000006c0000000,0x00000006ce13da28,0x00000006d0f80000)
 Metaspace       used 6432K, capacity 7280K, committed 7552K, reserved 1056768K
  class space    used 602K, capacity 616K, committed 640K, reserved 1048576K
}
Event: 11,642 GC heap before
{Heap before GC invocations=15 (full 3):
 PSYoungGen      total 622592K, used 119795K [0x000000076ab00000, 0x000000079f600000, 0x00000007c0000000)
  eden space 502784K, 0% used [0x000000076ab00000,0x000000076ab00000,0x0000000789600000)
  from space 119808K, 99% used [0x0000000792f80000,0x000000079a47cdd8,0x000000079a480000)
  to   space 157184K, 0% used [0x0000000789600000,0x0000000789600000,0x0000000792f80000)
 ParOldGen       total 278016K, used 230646K [0x00000006c0000000, 0x00000006d0f80000, 0x000000076ab00000)
  object space 278016K, 82% used [0x00000006c0000000,0x00000006ce13da28,0x00000006d0f80000)
 Metaspace       used 6432K, capacity 7280K, committed 7552K, reserved 1056768K
  class space    used 602K, capacity 616K, committed 640K, reserved 1048576K
Event: 13,270 GC heap after
Heap after GC invocations=15 (full 3):
 PSYoungGen      total 622592K, used 69961K [0x000000076ab00000, 0x000000079f600000, 0x00000007c0000000)
  eden space 502784K, 0% used [0x000000076ab00000,0x000000076ab00000,0x0000000789600000)
  from space 119808K, 58% used [0x0000000792f80000,0x00000007973d25f0,0x000000079a480000)
  to   space 157184K, 0% used [0x0000000789600000,0x0000000789600000,0x0000000792f80000)
 ParOldGen       total 439296K, used 277767K [0x00000006c0000000, 0x00000006dad00000, 0x000000076ab00000)
  object space 439296K, 63% used [0x00000006c0000000,0x00000006d0f41de8,0x00000006dad00000)
 Metaspace       used 6432K, capacity 7280K, committed 7552K, reserved 1056768K
  class space    used 602K, capacity 616K, committed 640K, reserved 1048576K
}
Event: 15,190 GC heap before
{Heap before GC invocations=16 (full 3):
 PSYoungGen      total 622592K, used 572745K [0x000000076ab00000, 0x000000079f600000, 0x00000007c0000000)
  eden space 502784K, 100% used [0x000000076ab00000,0x0000000789600000,0x0000000789600000)
  from space 119808K, 58% used [0x0000000792f80000,0x00000007973d25f0,0x000000079a480000)
  to   space 157184K, 0% used [0x0000000789600000,0x0000000789600000,0x0000000792f80000)
 ParOldGen       total 439296K, used 277767K [0x00000006c0000000, 0x00000006dad00000, 0x000000076ab00000)
  object space 439296K, 63% used [0x00000006c0000000,0x00000006d0f41de8,0x00000006dad00000)
 Metaspace       used 6435K, capacity 7280K, committed 7552K, reserved 1056768K
  class space    used 602K, capacity 616K, committed 640K, reserved 1048576K
Event: 15,504 GC heap after
Heap after GC invocations=16 (full 3):
 PSYoungGen      total 659968K, used 144842K [0x000000076ab00000, 0x00000007a5480000, 0x00000007c0000000)
  eden space 502784K, 0% used [0x000000076ab00000,0x000000076ab00000,0x0000000789600000)
  from space 157184K, 92% used [0x0000000789600000,0x0000000792372ae8,0x0000000792f80000)
  to   space 180224K, 0% used [0x000000079a480000,0x000000079a480000,0x00000007a5480000)
 ParOldGen       total 439296K, used 281295K [0x00000006c0000000, 0x00000006dad00000, 0x000000076ab00000)
  object space 439296K, 64% used [0x00000006c0000000,0x00000006d12b3de8,0x00000006dad00000)
 Metaspace       used 6435K, capacity 7280K, committed 7552K, reserved 1056768K
  class space    used 602K, capacity 616K, committed 640K, reserved 1048576K
}
Event: 18,507 GC heap before
{Heap before GC invocations=17 (full 3):
 PSYoungGen      total 659968K, used 647626K [0x000000076ab00000, 0x00000007a5480000, 0x00000007c0000000)
  eden space 502784K, 100% used [0x000000076ab00000,0x0000000789600000,0x0000000789600000)
  from space 157184K, 92% used [0x0000000789600000,0x0000000792372ae8,0x0000000792f80000)
  to   space 180224K, 0% used [0x000000079a480000,0x000000079a480000,0x00000007a5480000)
 ParOldGen       total 439296K, used 281295K [0x00000006c0000000, 0x00000006dad00000, 0x000000076ab00000)
  object space 439296K, 64% used [0x00000006c0000000,0x00000006d12b3de8,0x00000006dad00000)
 Metaspace       used 6445K, capacity 7280K, committed 7552K, reserved 1056768K
  class space    used 603K, capacity 616K, committed 640K, reserved 1048576K
Event: 18,899 GC heap after
Heap after GC invocations=17 (full 3):
 PSYoungGen      total 723968K, used 180194K [0x000000076ab00000, 0x00000007ac380000, 0x00000007c0000000)
  eden space 543744K, 0% used [0x000000076ab00000,0x000000076ab00000,0x000000078be00000)
  from space 180224K, 99% used [0x000000079a480000,0x00000007a5478ad8,0x00000007a5480000)
  to   space 236032K, 0% used [0x000000078be00000,0x000000078be00000,0x000000079a480000)
 ParOldGen       total 439296K, used 346916K [0x00000006c0000000, 0x00000006dad00000, 0x000000076ab00000)
  object space 439296K, 78% used [0x00000006c0000000,0x00000006d52c90e0,0x00000006dad00000)
 Metaspace       used 6445K, capacity 7280K, committed 7552K, reserved 1056768K
  class space    used 603K, capacity 616K, committed 640K, reserved 1048576K
}
Event: 20,665 GC heap before
{Heap before GC invocations=18 (full 3):
 PSYoungGen      total 723968K, used 723938K [0x000000076ab00000, 0x00000007ac380000, 0x00000007c0000000)
  eden space 543744K, 100% used [0x000000076ab00000,0x000000078be00000,0x000000078be00000)
  from space 180224K, 99% used [0x000000079a480000,0x00000007a5478ad8,0x00000007a5480000)
  to   space 236032K, 0% used [0x000000078be00000,0x000000078be00000,0x000000079a480000)
 ParOldGen       total 439296K, used 346916K [0x00000006c0000000, 0x00000006dad00000, 0x000000076ab00000)
  object space 439296K, 78% used [0x00000006c0000000,0x00000006d52c90e0,0x00000006dad00000)
 Metaspace       used 6446K, capacity 7280K, committed 7552K, reserved 1056768K
  class space    used 603K, capacity 616K, committed 640K, reserved 1048576K

